# JRE version: Java(TM) SE Runtime Environment (18.0.2.1+1) (build 18.0.2.1+1-1)
# Java VM: Java HotSpot(TM) 64-Bit Server VM (18.0.2.1+1-1, mixed mode, sharing, tiered, compressed oops, compressed class ptrs, g1 gc, windows-amd64)
GC Precious Log:
 CardTable entry size: 512
 Card Set container configuration: InlinePtr #cards 5 size 8 Array Of Cards #cards 12 size 40 Howl #buckets 4 coarsen threshold 1843 Howl Bitmap #cards 512 size 80 coarsen threshold 460 Card regions per heap region 1 cards per card region 2048
 CPUs: 8 total, 8 available
 Memory: 7907M
 Large Page Support: Disabled
 NUMA Support: Disabled
 Compressed Oops: Enabled (32-bit)
 Heap Region Size: 1M
 Heap Min Capacity: 8M
 Heap Initial Capacity: 124M
 Heap Max Capacity: 1978M
 Pre-touch: Disabled
 Parallel Workers: 8
 Concurrent Workers: 2
 Concurrent Refinement Workers: 8
 Periodic GC: Disabled
Heap:
 garbage-first heap   total 58368K, used 29779K [0x0000000084600000, 0x0000000100000000)
  region size 1024K, 7 young (7168K), 2 survivors (2048K)
 Metaspace       used 58664K, committed 59328K, reserved 1114112K
  class space    used 7713K, committed 8000K, reserved 1048576K
GC Heap History (20 events):
Event: 11.131 GC heap before
{Heap before GC invocations=7 (full 0):
 garbage-first heap   total 48128K, used 35126K [0x0000000084600000, 0x0000000100000000)
  region size 1024K, 20 young (20480K), 2 survivors (2048K)
 Metaspace       used 34599K, committed 35136K, reserved 1114112K
  class space    used 4410K, committed 4672K, reserved 1048576K
}
Event: 11.136 GC heap after
{Heap after GC invocations=8 (full 0):
 garbage-first heap   total 48128K, used 17965K [0x0000000084600000, 0x0000000100000000)
  region size 1024K, 3 young (3072K), 3 survivors (3072K)
 Metaspace       used 34599K, committed 35136K, reserved 1114112K
  class space    used 4410K, committed 4672K, reserved 1048576K
}
Event: 11.336 GC heap before
{Heap before GC invocations=8 (full 0):
 garbage-first heap   total 48128K, used 20013K [0x0000000084600000, 0x0000000100000000)
  region size 1024K, 6 young (6144K), 3 survivors (3072K)
 Metaspace       used 35636K, committed 36096K, reserved 1114112K
  class space    used 4531K, committed 4736K, reserved 1048576K
}
Event: 11.341 GC heap after
{Heap after GC invocations=9 (full 0):
 garbage-first heap   total 48128K, used 18499K [0x0000000084600000, 0x0000000100000000)
  region size 1024K, 2 young (2048K), 2 survivors (2048K)
 Metaspace       used 35636K, committed 36096K, reserved 1114112K
  class space    used 4531K, committed 4736K, reserved 1048576K
}
Event: 12.484 GC heap before
{Heap before GC invocations=10 (full 0):
 garbage-first heap   total 48128K, used 35907K [0x0000000084600000, 0x0000000100000000)
  region size 1024K, 19 young (19456K), 2 survivors (2048K)
 Metaspace       used 40351K, committed 40832K, reserved 1114112K
  class space    used 5161K, committed 5376K, reserved 1048576K
}
Event: 12.489 GC heap after
{Heap after GC invocations=11 (full 0):
 garbage-first heap   total 48128K, used 19979K [0x0000000084600000, 0x0000000100000000)
  region size 1024K, 2 young (2048K), 2 survivors (2048K)
 Metaspace       used 40351K, committed 40832K, reserved 1114112K
  class space    used 5161K, committed 5376K, reserved 1048576K
}
Event: 12.582 GC heap before
{Heap before GC invocations=11 (full 0):
 garbage-first heap   total 48128K, used 21003K [0x0000000084600000, 0x0000000100000000)
  region size 1024K, 3 young (3072K), 2 survivors (2048K)
 Metaspace       used 40612K, committed 41152K, reserved 1114112K
  class space    used 5199K, committed 5440K, reserved 1048576K
}
Event: 12.586 GC heap after
{Heap after GC invocations=12 (full 0):
 garbage-first heap   total 48128K, used 19756K [0x0000000084600000, 0x0000000100000000)
  region size 1024K, 1 young (1024K), 1 survivors (1024K)
 Metaspace       used 40612K, committed 41152K, reserved 1114112K
  class space    used 5199K, committed 5440K, reserved 1048576K
}
Event: 13.781 GC heap before
{Heap before GC invocations=12 (full 0):
 garbage-first heap   total 48128K, used 35116K [0x0000000084600000, 0x0000000100000000)
  region size 1024K, 17 young (17408K), 1 survivors (1024K)
 Metaspace       used 45729K, committed 46208K, reserved 1114112K
  class space    used 6069K, committed 6272K, reserved 1048576K
}
Event: 13.784 GC heap after
{Heap after GC invocations=13 (full 0):
 garbage-first heap   total 48128K, used 20379K [0x0000000084600000, 0x0000000100000000)
  region size 1024K, 1 young (1024K), 1 survivors (1024K)
 Metaspace       used 45729K, committed 46208K, reserved 1114112K
  class space    used 6069K, committed 6272K, reserved 1048576K
}
Event: 15.070 GC heap before
{Heap before GC invocations=13 (full 0):
 garbage-first heap   total 48128K, used 35739K [0x0000000084600000, 0x0000000100000000)
  region size 1024K, 17 young (17408K), 1 survivors (1024K)
 Metaspace       used 49684K, committed 50240K, reserved 1114112K
  class space    used 6562K, committed 6848K, reserved 1048576K
}
Event: 15.074 GC heap after
{Heap after GC invocations=14 (full 0):
 garbage-first heap   total 48128K, used 21649K [0x0000000084600000, 0x0000000100000000)
  region size 1024K, 3 young (3072K), 3 survivors (3072K)
 Metaspace       used 49684K, committed 50240K, reserved 1114112K
  class space    used 6562K, committed 6848K, reserved 1048576K
}
Event: 15.752 GC heap before
{Heap before GC invocations=14 (full 0):
 garbage-first heap   total 48128K, used 37009K [0x0000000084600000, 0x0000000100000000)
  region size 1024K, 18 young (18432K), 3 survivors (3072K)
 Metaspace       used 51415K, committed 52032K, reserved 1114112K
  class space    used 6834K, committed 7104K, reserved 1048576K
}
Event: 15.759 GC heap after
{Heap after GC invocations=15 (full 0):
 garbage-first heap   total 48128K, used 22975K [0x0000000084600000, 0x0000000100000000)
  region size 1024K, 3 young (3072K), 3 survivors (3072K)
 Metaspace       used 51415K, committed 52032K, reserved 1114112K
  class space    used 6834K, committed 7104K, reserved 1048576K
}
Event: 16.675 GC heap before
{Heap before GC invocations=15 (full 0):
 garbage-first heap   total 48128K, used 38335K [0x0000000084600000, 0x0000000100000000)
  region size 1024K, 18 young (18432K), 3 survivors (3072K)
 Metaspace       used 53303K, committed 53888K, reserved 1114112K
  class space    used 7078K, committed 7360K, reserved 1048576K
}
Event: 16.681 GC heap after
{Heap after GC invocations=16 (full 0):
 garbage-first heap   total 58368K, used 24644K [0x0000000084600000, 0x0000000100000000)
  region size 1024K, 3 young (3072K), 3 survivors (3072K)
 Metaspace       used 53303K, committed 53888K, reserved 1114112K
  class space    used 7078K, committed 7360K, reserved 1048576K
}
Event: 155.485 GC heap before
{Heap before GC invocations=16 (full 0):
 garbage-first heap   total 58368K, used 44100K [0x0000000084600000, 0x0000000100000000)
  region size 1024K, 23 young (23552K), 3 survivors (3072K)
 Metaspace       used 58281K, committed 58944K, reserved 1114112K
  class space    used 7688K, committed 8000K, reserved 1048576K
}
Event: 155.529 GC heap after
{Heap after GC invocations=17 (full 0):
 garbage-first heap   total 58368K, used 25664K [0x0000000084600000, 0x0000000100000000)
  region size 1024K, 2 young (2048K), 2 survivors (2048K)
 Metaspace       used 58281K, committed 58944K, reserved 1114112K
  class space    used 7688K, committed 8000K, reserved 1048576K
}
Event: 1142.011 GC heap before
{Heap before GC invocations=17 (full 0):
 garbage-first heap   total 58368K, used 45120K [0x0000000084600000, 0x0000000100000000)
  region size 1024K, 21 young (21504K), 2 survivors (2048K)
 Metaspace       used 58437K, committed 59072K, reserved 1114112K
  class space    used 7688K, committed 8000K, reserved 1048576K
}
Event: 1142.070 GC heap after
{Heap after GC invocations=18 (full 0):
 garbage-first heap   total 58368K, used 25683K [0x0000000084600000, 0x0000000100000000)
  region size 1024K, 2 young (2048K), 2 survivors (2048K)
 Metaspace       used 58437K, committed 59072K, reserved 1114112K
  class space    used 7688K, committed 8000K, reserved 1048576K
}

