# JRE version: Java(TM) SE Runtime Environment (18.0.2.1+1) (build 18.0.2.1+1-1)
# Java VM: Java HotSpot(TM) 64-Bit Server VM (18.0.2.1+1-1, mixed mode, sharing, tiered, compressed oops, compressed class ptrs, g1 gc, windows-amd64)
GC Precious Log:
 CardTable entry size: 512
 Card Set container configuration: InlinePtr #cards 5 size 8 Array Of Cards #cards 12 size 40 Howl #buckets 4 coarsen threshold 1843 Howl Bitmap #cards 512 size 80 coarsen threshold 460 Card regions per heap region 1 cards per card region 2048
 CPUs: 8 total, 8 available
 Memory: 7907M
 Large Page Support: Disabled
 NUMA Support: Disabled
 Compressed Oops: Enabled (32-bit)
 Heap Region Size: 1M
 Heap Min Capacity: 8M
 Heap Initial Capacity: 124M
 Heap Max Capacity: 1978M
 Pre-touch: Disabled
 Parallel Workers: 8
 Concurrent Workers: 2
 Concurrent Refinement Workers: 8
 Periodic GC: Disabled
Heap:
 garbage-first heap   total 89088K, used 34734K [0x0000000084600000, 0x0000000100000000)
  region size 1024K, 17 young (17408K), 1 survivors (1024K)
 Metaspace       used 49961K, committed 50496K, reserved 1114112K
  class space    used 6614K, committed 6912K, reserved 1048576K
GC Heap History (20 events):
Event: 3.086 GC heap before
{Heap before GC invocations=1 (full 0):
 garbage-first heap   total 126976K, used 33195K [0x0000000084600000, 0x0000000100000000)
  region size 1024K, 30 young (30720K), 3 survivors (3072K)
 Metaspace       used 13391K, committed 13632K, reserved 1114112K
  class space    used 1593K, committed 1728K, reserved 1048576K
}
Event: 3.093 GC heap after
{Heap after GC invocations=2 (full 0):
 garbage-first heap   total 126976K, used 9079K [0x0000000084600000, 0x0000000100000000)
  region size 1024K, 3 young (3072K), 3 survivors (3072K)
 Metaspace       used 13391K, committed 13632K, reserved 1114112K
  class space    used 1593K, committed 1728K, reserved 1048576K
}
Event: 5.067 GC heap before
{Heap before GC invocations=2 (full 0):
 garbage-first heap   total 126976K, used 55159K [0x0000000084600000, 0x0000000100000000)
  region size 1024K, 50 young (51200K), 3 survivors (3072K)
 Metaspace       used 21202K, committed 21504K, reserved 1114112K
  class space    used 2588K, committed 2752K, reserved 1048576K
}
Event: 5.075 GC heap after
{Heap after GC invocations=3 (full 0):
 garbage-first heap   total 126976K, used 12327K [0x0000000084600000, 0x0000000100000000)
  region size 1024K, 6 young (6144K), 6 survivors (6144K)
 Metaspace       used 21202K, committed 21504K, reserved 1114112K
  class space    used 2588K, committed 2752K, reserved 1048576K
}
Event: 6.381 GC heap before
{Heap before GC invocations=4 (full 0):
 garbage-first heap   total 48128K, used 34855K [0x0000000084600000, 0x0000000100000000)
  region size 1024K, 28 young (28672K), 6 survivors (6144K)
 Metaspace       used 26045K, committed 26496K, reserved 1114112K
  class space    used 3241K, committed 3456K, reserved 1048576K
}
Event: 6.390 GC heap after
{Heap after GC invocations=5 (full 0):
 garbage-first heap   total 48128K, used 15238K [0x0000000084600000, 0x0000000100000000)
  region size 1024K, 4 young (4096K), 4 survivors (4096K)
 Metaspace       used 26045K, committed 26496K, reserved 1114112K
  class space    used 3241K, committed 3456K, reserved 1048576K
}
Event: 6.409 GC heap before
{Heap before GC invocations=5 (full 0):
 garbage-first heap   total 48128K, used 16262K [0x0000000084600000, 0x0000000100000000)
  region size 1024K, 5 young (5120K), 4 survivors (4096K)
 Metaspace       used 26051K, committed 26496K, reserved 1114112K
  class space    used 3241K, committed 3456K, reserved 1048576K
}
Event: 6.414 GC heap after
{Heap after GC invocations=6 (full 0):
 garbage-first heap   total 48128K, used 15761K [0x0000000084600000, 0x0000000100000000)
  region size 1024K, 1 young (1024K), 1 survivors (1024K)
 Metaspace       used 26051K, committed 26496K, reserved 1114112K
  class space    used 3241K, committed 3456K, reserved 1048576K
}
Event: 7.159 GC heap before
{Heap before GC invocations=6 (full 0):
 garbage-first heap   total 48128K, used 33169K [0x0000000084600000, 0x0000000100000000)
  region size 1024K, 19 young (19456K), 1 survivors (1024K)
 Metaspace       used 29306K, committed 29824K, reserved 1114112K
  class space    used 3655K, committed 3904K, reserved 1048576K
}
Event: 7.162 GC heap after
{Heap after GC invocations=7 (full 0):
 garbage-first heap   total 48128K, used 16524K [0x0000000084600000, 0x0000000100000000)
  region size 1024K, 2 young (2048K), 2 survivors (2048K)
 Metaspace       used 29306K, committed 29824K, reserved 1114112K
  class space    used 3655K, committed 3904K, reserved 1048576K
}
Event: 7.915 GC heap before
{Heap before GC invocations=7 (full 0):
 garbage-first heap   total 48128K, used 33932K [0x0000000084600000, 0x0000000100000000)
  region size 1024K, 20 young (20480K), 2 survivors (2048K)
 Metaspace       used 34529K, committed 35072K, reserved 1114112K
  class space    used 4398K, committed 4672K, reserved 1048576K
}
Event: 7.918 GC heap after
{Heap after GC invocations=8 (full 0):
 garbage-first heap   total 48128K, used 17861K [0x0000000084600000, 0x0000000100000000)
  region size 1024K, 3 young (3072K), 3 survivors (3072K)
 Metaspace       used 34529K, committed 35072K, reserved 1114112K
  class space    used 4398K, committed 4672K, reserved 1048576K
}
Event: 8.053 GC heap before
{Heap before GC invocations=8 (full 0):
 garbage-first heap   total 48128K, used 20933K [0x0000000084600000, 0x0000000100000000)
  region size 1024K, 7 young (7168K), 3 survivors (3072K)
 Metaspace       used 35656K, committed 36096K, reserved 1114112K
  class space    used 4531K, committed 4736K, reserved 1048576K
}
Event: 8.057 GC heap after
{Heap after GC invocations=9 (full 0):
 garbage-first heap   total 48128K, used 18446K [0x0000000084600000, 0x0000000100000000)
  region size 1024K, 2 young (2048K), 2 survivors (2048K)
 Metaspace       used 35656K, committed 36096K, reserved 1114112K
  class space    used 4531K, committed 4736K, reserved 1048576K
}
Event: 8.781 GC heap before
{Heap before GC invocations=10 (full 0):
 garbage-first heap   total 48128K, used 34830K [0x0000000084600000, 0x0000000100000000)
  region size 1024K, 19 young (19456K), 2 survivors (2048K)
 Metaspace       used 40443K, committed 40896K, reserved 1114112K
  class space    used 5167K, committed 5376K, reserved 1048576K
}
Event: 8.785 GC heap after
{Heap after GC invocations=11 (full 0):
 garbage-first heap   total 48128K, used 19718K [0x0000000084600000, 0x0000000100000000)
  region size 1024K, 2 young (2048K), 2 survivors (2048K)
 Metaspace       used 40443K, committed 40896K, reserved 1114112K
  class space    used 5167K, committed 5376K, reserved 1048576K
}
Event: 8.836 GC heap before
{Heap before GC invocations=11 (full 0):
 garbage-first heap   total 48128K, used 20742K [0x0000000084600000, 0x0000000100000000)
  region size 1024K, 3 young (3072K), 2 survivors (2048K)
 Metaspace       used 40661K, committed 41152K, reserved 1114112K
  class space    used 5207K, committed 5440K, reserved 1048576K
}
Event: 8.839 GC heap after
{Heap after GC invocations=12 (full 0):
 garbage-first heap   total 48128K, used 19720K [0x0000000084600000, 0x0000000100000000)
  region size 1024K, 1 young (1024K), 1 survivors (1024K)
 Metaspace       used 40661K, committed 41152K, reserved 1114112K
  class space    used 5207K, committed 5440K, reserved 1048576K
}
Event: 9.420 GC heap before
{Heap before GC invocations=12 (full 0):
 garbage-first heap   total 48128K, used 36104K [0x0000000084600000, 0x0000000100000000)
  region size 1024K, 18 young (18432K), 1 survivors (1024K)
 Metaspace       used 46164K, committed 46656K, reserved 1114112K
  class space    used 6124K, committed 6336K, reserved 1048576K
}
Event: 9.422 GC heap after
{Heap after GC invocations=13 (full 0):
 garbage-first heap   total 89088K, used 20398K [0x0000000084600000, 0x0000000100000000)
  region size 1024K, 1 young (1024K), 1 survivors (1024K)
 Metaspace       used 46164K, committed 46656K, reserved 1114112K
  class space    used 6124K, committed 6336K, reserved 1048576K
}

