# JRE version: Java(TM) SE Runtime Environment (18.0.2.1+1) (build 18.0.2.1+1-1)
# Java VM: Java HotSpot(TM) 64-Bit Server VM (18.0.2.1+1-1, mixed mode, sharing, tiered, compressed oops, compressed class ptrs, g1 gc, windows-amd64)
GC Precious Log:
 CardTable entry size: 512
 Card Set container configuration: InlinePtr #cards 5 size 8 Array Of Cards #cards 12 size 40 Howl #buckets 4 coarsen threshold 1843 Howl Bitmap #cards 512 size 80 coarsen threshold 460 Card regions per heap region 1 cards per card region 2048
 CPUs: 8 total, 8 available
 Memory: 7907M
 Large Page Support: Disabled
 NUMA Support: Disabled
 Compressed Oops: Enabled (32-bit)
 Heap Region Size: 1M
 Heap Min Capacity: 8M
 Heap Initial Capacity: 124M
 Heap Max Capacity: 1978M
 Pre-touch: Disabled
 Parallel Workers: 8
 Concurrent Workers: 2
 Concurrent Refinement Workers: 8
 Periodic GC: Disabled
Heap:
 garbage-first heap   total 63488K, used 37327K [0x0000000084600000, 0x0000000100000000)
  region size 1024K, 3 young (3072K), 2 survivors (2048K)
 Metaspace       used 66433K, committed 66880K, reserved 1114112K
  class space    used 8736K, committed 8960K, reserved 1048576K
GC Heap History (20 events):
Event: 23.505 GC heap before
{Heap before GC invocations=22 (full 0):
 garbage-first heap   total 56320K, used 33867K [0x0000000084600000, 0x0000000100000000)
  region size 1024K, 3 young (3072K), 2 survivors (2048K)
 Metaspace       used 57118K, committed 57536K, reserved 1114112K
  class space    used 7549K, committed 7744K, reserved 1048576K
}
Event: 23.509 GC heap after
{Heap after GC invocations=23 (full 0):
 garbage-first heap   total 56320K, used 32943K [0x0000000084600000, 0x0000000100000000)
  region size 1024K, 1 young (1024K), 1 survivors (1024K)
 Metaspace       used 57118K, committed 57536K, reserved 1114112K
  class space    used 7549K, committed 7744K, reserved 1048576K
}
Event: 24.382 GC heap before
{Heap before GC invocations=23 (full 0):
 garbage-first heap   total 56320K, used 44207K [0x0000000084600000, 0x0000000100000000)
  region size 1024K, 12 young (12288K), 1 survivors (1024K)
 Metaspace       used 58180K, committed 58624K, reserved 1114112K
  class space    used 7689K, committed 7936K, reserved 1048576K
}
Event: 24.385 GC heap after
{Heap after GC invocations=24 (full 0):
 garbage-first heap   total 56320K, used 34091K [0x0000000084600000, 0x0000000100000000)
  region size 1024K, 2 young (2048K), 2 survivors (2048K)
 Metaspace       used 58180K, committed 58624K, reserved 1114112K
  class space    used 7689K, committed 7936K, reserved 1048576K
}
Event: 25.129 GC heap before
{Heap before GC invocations=25 (full 0):
 garbage-first heap   total 60416K, used 45355K [0x0000000084600000, 0x0000000100000000)
  region size 1024K, 13 young (13312K), 2 survivors (2048K)
 Metaspace       used 59497K, committed 60032K, reserved 1114112K
  class space    used 7851K, committed 8128K, reserved 1048576K
}
Event: 25.134 GC heap after
{Heap after GC invocations=26 (full 0):
 garbage-first heap   total 60416K, used 35321K [0x0000000084600000, 0x0000000100000000)
  region size 1024K, 2 young (2048K), 2 survivors (2048K)
 Metaspace       used 59497K, committed 60032K, reserved 1114112K
  class space    used 7851K, committed 8128K, reserved 1048576K
}
Event: 25.227 GC heap before
{Heap before GC invocations=26 (full 0):
 garbage-first heap   total 60416K, used 36345K [0x0000000084600000, 0x0000000100000000)
  region size 1024K, 3 young (3072K), 2 survivors (2048K)
 Metaspace       used 59733K, committed 60224K, reserved 1114112K
  class space    used 7887K, committed 8128K, reserved 1048576K
}
Event: 25.230 GC heap after
{Heap after GC invocations=27 (full 0):
 garbage-first heap   total 60416K, used 35004K [0x0000000084600000, 0x0000000100000000)
  region size 1024K, 1 young (1024K), 1 survivors (1024K)
 Metaspace       used 59733K, committed 60224K, reserved 1114112K
  class space    used 7887K, committed 8128K, reserved 1048576K
}
Event: 26.091 GC heap before
{Heap before GC invocations=27 (full 0):
 garbage-first heap   total 60416K, used 47292K [0x0000000084600000, 0x0000000100000000)
  region size 1024K, 14 young (14336K), 1 survivors (1024K)
 Metaspace       used 62315K, committed 62784K, reserved 1114112K
  class space    used 8276K, committed 8512K, reserved 1048576K
}
Event: 26.095 GC heap after
{Heap after GC invocations=28 (full 0):
 garbage-first heap   total 60416K, used 35944K [0x0000000084600000, 0x0000000100000000)
  region size 1024K, 2 young (2048K), 2 survivors (2048K)
 Metaspace       used 62315K, committed 62784K, reserved 1114112K
  class space    used 8276K, committed 8512K, reserved 1048576K
}
Event: 275.970 GC heap before
{Heap before GC invocations=29 (full 0):
 garbage-first heap   total 63488K, used 48232K [0x0000000084600000, 0x0000000100000000)
  region size 1024K, 14 young (14336K), 2 survivors (2048K)
 Metaspace       used 62716K, committed 63104K, reserved 1114112K
  class space    used 8314K, committed 8512K, reserved 1048576K
}
Event: 276.033 GC heap after
{Heap after GC invocations=30 (full 0):
 garbage-first heap   total 63488K, used 36128K [0x0000000084600000, 0x0000000100000000)
  region size 1024K, 1 young (1024K), 1 survivors (1024K)
 Metaspace       used 62716K, committed 63104K, reserved 1114112K
  class space    used 8314K, committed 8512K, reserved 1048576K
}
Event: 596.068 GC heap before
{Heap before GC invocations=30 (full 0):
 garbage-first heap   total 63488K, used 50464K [0x0000000084600000, 0x0000000100000000)
  region size 1024K, 15 young (15360K), 1 survivors (1024K)
 Metaspace       used 62750K, committed 63232K, reserved 1114112K
  class space    used 8314K, committed 8512K, reserved 1048576K
}
Event: 596.073 GC heap after
{Heap after GC invocations=31 (full 0):
 garbage-first heap   total 63488K, used 36081K [0x0000000084600000, 0x0000000100000000)
  region size 1024K, 1 young (1024K), 1 survivors (1024K)
 Metaspace       used 62750K, committed 63232K, reserved 1114112K
  class space    used 8314K, committed 8512K, reserved 1048576K
}
Event: 941.974 GC heap before
{Heap before GC invocations=31 (full 0):
 garbage-first heap   total 63488K, used 51441K [0x0000000084600000, 0x0000000100000000)
  region size 1024K, 16 young (16384K), 1 survivors (1024K)
 Metaspace       used 62762K, committed 63232K, reserved 1114112K
  class space    used 8314K, committed 8512K, reserved 1048576K
}
Event: 942.022 GC heap after
{Heap after GC invocations=32 (full 0):
 garbage-first heap   total 63488K, used 36042K [0x0000000084600000, 0x0000000100000000)
  region size 1024K, 1 young (1024K), 1 survivors (1024K)
 Metaspace       used 62762K, committed 63232K, reserved 1114112K
  class space    used 8314K, committed 8512K, reserved 1048576K
}
Event: 995.866 GC heap before
{Heap before GC invocations=32 (full 0):
 garbage-first heap   total 63488K, used 50378K [0x0000000084600000, 0x0000000100000000)
  region size 1024K, 16 young (16384K), 1 survivors (1024K)
 Metaspace       used 66122K, committed 66688K, reserved 1114112K
  class space    used 8704K, committed 8960K, reserved 1048576K
}
Event: 995.881 GC heap after
{Heap after GC invocations=33 (full 0):
 garbage-first heap   total 63488K, used 37069K [0x0000000084600000, 0x0000000100000000)
  region size 1024K, 2 young (2048K), 2 survivors (2048K)
 Metaspace       used 66122K, committed 66688K, reserved 1114112K
  class space    used 8704K, committed 8960K, reserved 1048576K
}
Event: 1253.398 GC heap before
{Heap before GC invocations=33 (full 0):
 garbage-first heap   total 63488K, used 51405K [0x0000000084600000, 0x0000000100000000)
  region size 1024K, 16 young (16384K), 2 survivors (2048K)
 Metaspace       used 66413K, committed 66880K, reserved 1114112K
  class space    used 8736K, committed 8960K, reserved 1048576K
}
Event: 1253.455 GC heap after
{Heap after GC invocations=34 (full 0):
 garbage-first heap   total 63488K, used 37327K [0x0000000084600000, 0x0000000100000000)
  region size 1024K, 2 young (2048K), 2 survivors (2048K)
 Metaspace       used 66413K, committed 66880K, reserved 1114112K
  class space    used 8736K, committed 8960K, reserved 1048576K
}

