# JRE version: Java(TM) SE Runtime Environment (18.0.2.1+1) (build 18.0.2.1+1-1)
# Java VM: Java HotSpot(TM) 64-Bit Server VM (18.0.2.1+1-1, mixed mode, sharing, tiered, compressed oops, compressed class ptrs, g1 gc, windows-amd64)
GC Precious Log:
 CardTable entry size: 512
 Card Set container configuration: InlinePtr #cards 5 size 8 Array Of Cards #cards 12 size 40 Howl #buckets 4 coarsen threshold 1843 Howl Bitmap #cards 512 size 80 coarsen threshold 460 Card regions per heap region 1 cards per card region 2048
 CPUs: 8 total, 8 available
 Memory: 7907M
 Large Page Support: Disabled
 NUMA Support: Disabled
 Compressed Oops: Enabled (32-bit)
 Heap Region Size: 1M
 Heap Min Capacity: 8M
 Heap Initial Capacity: 124M
 Heap Max Capacity: 1978M
 Pre-touch: Disabled
 Parallel Workers: 8
 Concurrent Workers: 2
 Concurrent Refinement Workers: 8
 Periodic GC: Disabled
Heap:
 garbage-first heap   total 48128K, used 25202K [0x0000000084600000, 0x0000000100000000)
  region size 1024K, 8 young (8192K), 3 survivors (3072K)
 Metaspace       used 46288K, committed 46720K, reserved 1114112K
  class space    used 6141K, committed 6336K, reserved 1048576K
GC Heap History (18 events):
Event: 2.816 GC heap before
{Heap before GC invocations=0 (full 0):
 garbage-first heap   total 126976K, used 23552K [0x0000000084600000, 0x0000000100000000)
  region size 1024K, 23 young (23552K), 0 survivors (0K)
 Metaspace       used 6254K, committed 6400K, reserved 1114112K
  class space    used 699K, committed 768K, reserved 1048576K
}
Event: 2.832 GC heap after
{Heap after GC invocations=1 (full 0):
 garbage-first heap   total 126976K, used 6540K [0x0000000084600000, 0x0000000100000000)
  region size 1024K, 3 young (3072K), 3 survivors (3072K)
 Metaspace       used 6254K, committed 6400K, reserved 1114112K
  class space    used 699K, committed 768K, reserved 1048576K
}
Event: 4.748 GC heap before
{Heap before GC invocations=1 (full 0):
 garbage-first heap   total 126976K, used 35212K [0x0000000084600000, 0x0000000100000000)
  region size 1024K, 32 young (32768K), 3 survivors (3072K)
 Metaspace       used 14002K, committed 14272K, reserved 1114112K
  class space    used 1653K, committed 1792K, reserved 1048576K
}
Event: 4.762 GC heap after
{Heap after GC invocations=2 (full 0):
 garbage-first heap   total 126976K, used 9357K [0x0000000084600000, 0x0000000100000000)
  region size 1024K, 3 young (3072K), 3 survivors (3072K)
 Metaspace       used 14002K, committed 14272K, reserved 1114112K
  class space    used 1653K, committed 1792K, reserved 1048576K
}
Event: 9.638 GC heap before
{Heap before GC invocations=2 (full 0):
 garbage-first heap   total 126976K, used 53389K [0x0000000084600000, 0x0000000100000000)
  region size 1024K, 48 young (49152K), 3 survivors (3072K)
 Metaspace       used 21166K, committed 21504K, reserved 1114112K
  class space    used 2583K, committed 2752K, reserved 1048576K
}
Event: 9.648 GC heap after
{Heap after GC invocations=3 (full 0):
 garbage-first heap   total 126976K, used 12536K [0x0000000084600000, 0x0000000100000000)
  region size 1024K, 6 young (6144K), 6 survivors (6144K)
 Metaspace       used 21166K, committed 21504K, reserved 1114112K
  class space    used 2583K, committed 2752K, reserved 1048576K
}
Event: 11.629 GC heap before
{Heap before GC invocations=4 (full 0):
 garbage-first heap   total 48128K, used 35064K [0x0000000084600000, 0x0000000100000000)
  region size 1024K, 28 young (28672K), 6 survivors (6144K)
 Metaspace       used 26059K, committed 26560K, reserved 1114112K
  class space    used 3238K, committed 3456K, reserved 1048576K
}
Event: 11.643 GC heap after
{Heap after GC invocations=5 (full 0):
 garbage-first heap   total 48128K, used 15575K [0x0000000084600000, 0x0000000100000000)
  region size 1024K, 4 young (4096K), 4 survivors (4096K)
 Metaspace       used 26059K, committed 26560K, reserved 1114112K
  class space    used 3238K, committed 3456K, reserved 1048576K
}
Event: 12.545 GC heap before
{Heap before GC invocations=5 (full 0):
 garbage-first heap   total 48128K, used 31959K [0x0000000084600000, 0x0000000100000000)
  region size 1024K, 21 young (21504K), 4 survivors (4096K)
 Metaspace       used 28946K, committed 29504K, reserved 1114112K
  class space    used 3589K, committed 3840K, reserved 1048576K
}
Event: 12.555 GC heap after
{Heap after GC invocations=6 (full 0):
 garbage-first heap   total 48128K, used 16914K [0x0000000084600000, 0x0000000100000000)
  region size 1024K, 2 young (2048K), 2 survivors (2048K)
 Metaspace       used 28946K, committed 29504K, reserved 1114112K
  class space    used 3589K, committed 3840K, reserved 1048576K
}
Event: 13.622 GC heap before
{Heap before GC invocations=6 (full 0):
 garbage-first heap   total 48128K, used 34322K [0x0000000084600000, 0x0000000100000000)
  region size 1024K, 19 young (19456K), 2 survivors (2048K)
 Metaspace       used 33691K, committed 34304K, reserved 1114112K
  class space    used 4320K, committed 4608K, reserved 1048576K
}
Event: 13.627 GC heap after
{Heap after GC invocations=7 (full 0):
 garbage-first heap   total 48128K, used 17765K [0x0000000084600000, 0x0000000100000000)
  region size 1024K, 3 young (3072K), 3 survivors (3072K)
 Metaspace       used 33691K, committed 34304K, reserved 1114112K
  class space    used 4320K, committed 4608K, reserved 1048576K
}
Event: 13.915 GC heap before
{Heap before GC invocations=7 (full 0):
 garbage-first heap   total 48128K, used 22885K [0x0000000084600000, 0x0000000100000000)
  region size 1024K, 9 young (9216K), 3 survivors (3072K)
 Metaspace       used 35668K, committed 36096K, reserved 1114112K
  class space    used 4525K, committed 4736K, reserved 1048576K
}
Event: 13.920 GC heap after
{Heap after GC invocations=8 (full 0):
 garbage-first heap   total 48128K, used 18780K [0x0000000084600000, 0x0000000100000000)
  region size 1024K, 2 young (2048K), 2 survivors (2048K)
 Metaspace       used 35668K, committed 36096K, reserved 1114112K
  class space    used 4525K, committed 4736K, reserved 1048576K
}
Event: 15.167 GC heap before
{Heap before GC invocations=9 (full 0):
 garbage-first heap   total 48128K, used 34140K [0x0000000084600000, 0x0000000100000000)
  region size 1024K, 18 young (18432K), 2 survivors (2048K)
 Metaspace       used 40069K, committed 40512K, reserved 1114112K
  class space    used 5111K, committed 5312K, reserved 1048576K
}
Event: 15.174 GC heap after
{Heap after GC invocations=10 (full 0):
 garbage-first heap   total 48128K, used 20285K [0x0000000084600000, 0x0000000100000000)
  region size 1024K, 3 young (3072K), 3 survivors (3072K)
 Metaspace       used 40069K, committed 40512K, reserved 1114112K
  class space    used 5111K, committed 5312K, reserved 1048576K
}
Event: 16.223 GC heap before
{Heap before GC invocations=10 (full 0):
 garbage-first heap   total 48128K, used 34621K [0x0000000084600000, 0x0000000100000000)
  region size 1024K, 18 young (18432K), 3 survivors (3072K)
 Metaspace       used 45107K, committed 45568K, reserved 1114112K
  class space    used 5948K, committed 6144K, reserved 1048576K
}
Event: 16.232 GC heap after
{Heap after GC invocations=11 (full 0):
 garbage-first heap   total 48128K, used 21106K [0x0000000084600000, 0x0000000100000000)
  region size 1024K, 3 young (3072K), 3 survivors (3072K)
 Metaspace       used 45107K, committed 45568K, reserved 1114112K
  class space    used 5948K, committed 6144K, reserved 1048576K
}

